06-Nov-2024 09:23:49.204 정보 [main] org.apache.catalina.startup.VersionLoggerListener.log 서버 버전 이름:    Apache Tomcat/10.1.31
06-Nov-2024 09:23:49.213 정보 [main] org.apache.catalina.startup.VersionLoggerListener.log Server 빌드 시각:  Oct 3 2024 19:02:38 UTC
06-Nov-2024 09:23:49.213 정보 [main] org.apache.catalina.startup.VersionLoggerListener.log Server 버전 번호:  10.1.31.0
06-Nov-2024 09:23:49.213 정보 [main] org.apache.catalina.startup.VersionLoggerListener.log 운영체제 이름:     Windows 11
06-Nov-2024 09:23:49.215 정보 [main] org.apache.catalina.startup.VersionLoggerListener.log 운영체제 버전:     10.0
06-Nov-2024 09:23:49.215 정보 [main] org.apache.catalina.startup.VersionLoggerListener.log 아키텍처:          amd64
06-Nov-2024 09:23:49.215 정보 [main] org.apache.catalina.startup.VersionLoggerListener.log 자바 홈:           C:\Program Files\Zulu\zulu-17
06-Nov-2024 09:23:49.216 정보 [main] org.apache.catalina.startup.VersionLoggerListener.log JVM 버전:          17.0.12+7-LTS
06-Nov-2024 09:23:49.216 정보 [main] org.apache.catalina.startup.VersionLoggerListener.log JVM 벤더:          Azul Systems, Inc.
06-Nov-2024 09:23:49.216 정보 [main] org.apache.catalina.startup.VersionLoggerListener.log CATALINA_BASE:     C:\java\apache-tomcat-10.1.31
06-Nov-2024 09:23:49.217 정보 [main] org.apache.catalina.startup.VersionLoggerListener.log CATALINA_HOME:     C:\java\apache-tomcat-10.1.31
06-Nov-2024 09:23:49.252 정보 [main] org.apache.catalina.startup.VersionLoggerListener.log 명령 행 아규먼트:  -Djava.util.logging.config.file=c:\java\apache-tomcat-10.1.31\conf\logging.properties
06-Nov-2024 09:23:49.253 정보 [main] org.apache.catalina.startup.VersionLoggerListener.log 명령 행 아규먼트:  -Djava.util.logging.manager=org.apache.juli.ClassLoaderLogManager
06-Nov-2024 09:23:49.253 정보 [main] org.apache.catalina.startup.VersionLoggerListener.log 명령 행 아규먼트:  -Djdk.tls.ephemeralDHKeySize=2048
06-Nov-2024 09:23:49.253 정보 [main] org.apache.catalina.startup.VersionLoggerListener.log 명령 행 아규먼트:  -Djava.protocol.handler.pkgs=org.apache.catalina.webresources
06-Nov-2024 09:23:49.253 정보 [main] org.apache.catalina.startup.VersionLoggerListener.log 명령 행 아규먼트:  --add-opens=java.base/java.lang=ALL-UNNAMED
06-Nov-2024 09:23:49.253 정보 [main] org.apache.catalina.startup.VersionLoggerListener.log 명령 행 아규먼트:  --add-opens=java.base/java.io=ALL-UNNAMED
06-Nov-2024 09:23:49.255 정보 [main] org.apache.catalina.startup.VersionLoggerListener.log 명령 행 아규먼트:  --add-opens=java.base/java.util=ALL-UNNAMED
06-Nov-2024 09:23:49.255 정보 [main] org.apache.catalina.startup.VersionLoggerListener.log 명령 행 아규먼트:  --add-opens=java.base/java.util.concurrent=ALL-UNNAMED
06-Nov-2024 09:23:49.256 정보 [main] org.apache.catalina.startup.VersionLoggerListener.log 명령 행 아규먼트:  --add-opens=java.rmi/sun.rmi.transport=ALL-UNNAMED
06-Nov-2024 09:23:49.256 정보 [main] org.apache.catalina.startup.VersionLoggerListener.log 명령 행 아규먼트:  -Dcatalina.base=c:\java\apache-tomcat-10.1.31
06-Nov-2024 09:23:49.256 정보 [main] org.apache.catalina.startup.VersionLoggerListener.log 명령 행 아규먼트:  -Dcatalina.home=c:\java\apache-tomcat-10.1.31
06-Nov-2024 09:23:49.256 정보 [main] org.apache.catalina.startup.VersionLoggerListener.log 명령 행 아규먼트:  -Djava.io.tmpdir=c:\java\apache-tomcat-10.1.31\temp
06-Nov-2024 09:23:49.722 정보 [main] org.apache.catalina.core.AprLifecycleListener.lifecycleEvent APR 버전 [1.7.4]을(를) 사용한, APR 기반 Apache Tomcat Native 라이브러리 [2.0.8]을(를) 로드했습니다.
06-Nov-2024 09:23:49.742 정보 [main] org.apache.catalina.core.AprLifecycleListener.initializeSSL OpenSSL이 성공적으로 초기화되었습니다: [OpenSSL 3.0.14 4 Jun 2024]
06-Nov-2024 09:23:50.348 정보 [main] org.apache.coyote.AbstractProtocol.init 프로토콜 핸들러 ["http-nio-8080"]을(를) 초기화합니다.
06-Nov-2024 09:23:50.431 정보 [main] org.apache.catalina.startup.Catalina.load [1735] 밀리초 내에 서버가 초기화되었습니다.
06-Nov-2024 09:23:50.636 정보 [main] org.apache.catalina.core.StandardService.startInternal 서비스 [Catalina]을(를) 시작합니다.
06-Nov-2024 09:23:50.638 정보 [main] org.apache.catalina.core.StandardEngine.startInternal 서버 엔진을 시작합니다: [Apache Tomcat/10.1.31]
06-Nov-2024 09:23:50.703 정보 [main] org.apache.catalina.startup.HostConfig.deployDirectory 웹 애플리케이션 디렉토리 [C:\java\apache-tomcat-10.1.31\webapps\docs]을(를) 배치합니다.
06-Nov-2024 09:23:52.312 경고 [main] org.apache.catalina.util.SessionIdGeneratorBase.createSecureRandom [SHA1PRNG] 알고리즘을 사용하여, 세션 ID를 생성하기 위한 SecureRandom 객체를 생성하는데, [407] 밀리초가 소요됐습니다.
06-Nov-2024 09:23:52.436 정보 [main] org.apache.catalina.startup.HostConfig.deployDirectory 웹 애플리케이션 디렉토리 [C:\java\apache-tomcat-10.1.31\webapps\docs]에 대한 배치가 [1,733] 밀리초에 완료되었습니다.
06-Nov-2024 09:23:52.438 정보 [main] org.apache.catalina.startup.HostConfig.deployDirectory 웹 애플리케이션 디렉토리 [C:\java\apache-tomcat-10.1.31\webapps\examples]을(를) 배치합니다.
06-Nov-2024 09:23:55.047 정보 [main] org.apache.catalina.startup.HostConfig.deployDirectory 웹 애플리케이션 디렉토리 [C:\java\apache-tomcat-10.1.31\webapps\examples]에 대한 배치가 [2,607] 밀리초에 완료되었습니다.
06-Nov-2024 09:23:55.056 정보 [main] org.apache.catalina.startup.HostConfig.deployDirectory 웹 애플리케이션 디렉토리 [C:\java\apache-tomcat-10.1.31\webapps\host-manager]을(를) 배치합니다.
06-Nov-2024 09:23:55.391 정보 [main] org.apache.catalina.startup.HostConfig.deployDirectory 웹 애플리케이션 디렉토리 [C:\java\apache-tomcat-10.1.31\webapps\host-manager]에 대한 배치가 [338] 밀리초에 완료되었습니다.
06-Nov-2024 09:23:55.397 정보 [main] org.apache.catalina.startup.HostConfig.deployDirectory 웹 애플리케이션 디렉토리 [C:\java\apache-tomcat-10.1.31\webapps\manager]을(를) 배치합니다.
06-Nov-2024 09:23:55.580 정보 [main] org.apache.catalina.startup.HostConfig.deployDirectory 웹 애플리케이션 디렉토리 [C:\java\apache-tomcat-10.1.31\webapps\manager]에 대한 배치가 [187] 밀리초에 완료되었습니다.
06-Nov-2024 09:23:55.582 정보 [main] org.apache.catalina.startup.HostConfig.deployDirectory 웹 애플리케이션 디렉토리 [C:\java\apache-tomcat-10.1.31\webapps\ROOT]을(를) 배치합니다.
06-Nov-2024 09:23:55.679 정보 [main] org.apache.catalina.startup.HostConfig.deployDirectory 웹 애플리케이션 디렉토리 [C:\java\apache-tomcat-10.1.31\webapps\ROOT]에 대한 배치가 [97] 밀리초에 완료되었습니다.
06-Nov-2024 09:23:55.692 정보 [main] org.apache.coyote.AbstractProtocol.start 프로토콜 핸들러 ["http-nio-8080"]을(를) 시작합니다.
06-Nov-2024 09:23:56.080 정보 [main] org.apache.catalina.startup.Catalina.start 서버가 [5648] 밀리초 내에 시작되었습니다.
06-Nov-2024 18:09:31.375 정보 [Thread-1] org.apache.coyote.AbstractProtocol.pause 프로토콜 핸들러 ["http-nio-8080"]을(를) 일시 정지 중
06-Nov-2024 18:09:34.997 정보 [Thread-1] org.apache.catalina.core.StandardService.stopInternal 서비스 [Catalina]을(를) 중지시킵니다.
06-Nov-2024 18:09:35.272 정보 [Thread-1] org.apache.coyote.AbstractProtocol.stop 프로토콜 핸들러 ["http-nio-8080"]을(를) 중지시킵니다.
06-Nov-2024 18:09:35.307 정보 [Thread-1] org.apache.coyote.AbstractProtocol.destroy 프로토콜 핸들러 ["http-nio-8080"]을(를) 소멸시킵니다.
