07-Nov-2024 10:01:47.964 정보 [main] org.apache.catalina.startup.VersionLoggerListener.log 서버 버전 이름:    Apache Tomcat/10.1.31
07-Nov-2024 10:01:47.979 정보 [main] org.apache.catalina.startup.VersionLoggerListener.log Server 빌드 시각:  Oct 3 2024 19:02:38 UTC
07-Nov-2024 10:01:47.979 정보 [main] org.apache.catalina.startup.VersionLoggerListener.log Server 버전 번호:  10.1.31.0
07-Nov-2024 10:01:47.980 정보 [main] org.apache.catalina.startup.VersionLoggerListener.log 운영체제 이름:     Windows 11
07-Nov-2024 10:01:47.980 정보 [main] org.apache.catalina.startup.VersionLoggerListener.log 운영체제 버전:     10.0
07-Nov-2024 10:01:47.982 정보 [main] org.apache.catalina.startup.VersionLoggerListener.log 아키텍처:          amd64
07-Nov-2024 10:01:47.983 정보 [main] org.apache.catalina.startup.VersionLoggerListener.log 자바 홈:           C:\Program Files\Zulu\zulu-17
07-Nov-2024 10:01:47.983 정보 [main] org.apache.catalina.startup.VersionLoggerListener.log JVM 버전:          17.0.12+7-LTS
07-Nov-2024 10:01:47.983 정보 [main] org.apache.catalina.startup.VersionLoggerListener.log JVM 벤더:          Azul Systems, Inc.
07-Nov-2024 10:01:47.984 정보 [main] org.apache.catalina.startup.VersionLoggerListener.log CATALINA_BASE:     C:\java\apache-tomcat-10.1.31
07-Nov-2024 10:01:47.984 정보 [main] org.apache.catalina.startup.VersionLoggerListener.log CATALINA_HOME:     C:\java\apache-tomcat-10.1.31
07-Nov-2024 10:01:48.027 정보 [main] org.apache.catalina.startup.VersionLoggerListener.log 명령 행 아규먼트:  -Djava.util.logging.config.file=C:\java\apache-tomcat-10.1.31\conf\logging.properties
07-Nov-2024 10:01:48.028 정보 [main] org.apache.catalina.startup.VersionLoggerListener.log 명령 행 아규먼트:  -Djava.util.logging.manager=org.apache.juli.ClassLoaderLogManager
07-Nov-2024 10:01:48.029 정보 [main] org.apache.catalina.startup.VersionLoggerListener.log 명령 행 아규먼트:  -Djdk.tls.ephemeralDHKeySize=2048
07-Nov-2024 10:01:48.029 정보 [main] org.apache.catalina.startup.VersionLoggerListener.log 명령 행 아규먼트:  -Djava.protocol.handler.pkgs=org.apache.catalina.webresources
07-Nov-2024 10:01:48.030 정보 [main] org.apache.catalina.startup.VersionLoggerListener.log 명령 행 아규먼트:  --add-opens=java.base/java.lang=ALL-UNNAMED
07-Nov-2024 10:01:48.030 정보 [main] org.apache.catalina.startup.VersionLoggerListener.log 명령 행 아규먼트:  --add-opens=java.base/java.io=ALL-UNNAMED
07-Nov-2024 10:01:48.030 정보 [main] org.apache.catalina.startup.VersionLoggerListener.log 명령 행 아규먼트:  --add-opens=java.base/java.util=ALL-UNNAMED
07-Nov-2024 10:01:48.031 정보 [main] org.apache.catalina.startup.VersionLoggerListener.log 명령 행 아규먼트:  --add-opens=java.base/java.util.concurrent=ALL-UNNAMED
07-Nov-2024 10:01:48.031 정보 [main] org.apache.catalina.startup.VersionLoggerListener.log 명령 행 아규먼트:  --add-opens=java.rmi/sun.rmi.transport=ALL-UNNAMED
07-Nov-2024 10:01:48.032 정보 [main] org.apache.catalina.startup.VersionLoggerListener.log 명령 행 아규먼트:  -Dcatalina.base=C:\java\apache-tomcat-10.1.31
07-Nov-2024 10:01:48.032 정보 [main] org.apache.catalina.startup.VersionLoggerListener.log 명령 행 아규먼트:  -Dcatalina.home=C:\java\apache-tomcat-10.1.31
07-Nov-2024 10:01:48.033 정보 [main] org.apache.catalina.startup.VersionLoggerListener.log 명령 행 아규먼트:  -Djava.io.tmpdir=C:\java\apache-tomcat-10.1.31\temp
07-Nov-2024 10:01:48.293 정보 [main] org.apache.catalina.core.AprLifecycleListener.lifecycleEvent APR 버전 [1.7.4]을(를) 사용한, APR 기반 Apache Tomcat Native 라이브러리 [2.0.8]을(를) 로드했습니다.
07-Nov-2024 10:01:48.311 정보 [main] org.apache.catalina.core.AprLifecycleListener.initializeSSL OpenSSL이 성공적으로 초기화되었습니다: [OpenSSL 3.0.14 4 Jun 2024]
07-Nov-2024 10:01:48.821 정보 [main] org.apache.coyote.AbstractProtocol.init 프로토콜 핸들러 ["http-nio-8080"]을(를) 초기화합니다.
07-Nov-2024 10:01:48.927 정보 [main] org.apache.catalina.startup.Catalina.load [1525] 밀리초 내에 서버가 초기화되었습니다.
07-Nov-2024 10:01:49.090 정보 [main] org.apache.catalina.core.StandardService.startInternal 서비스 [Catalina]을(를) 시작합니다.
07-Nov-2024 10:01:49.091 정보 [main] org.apache.catalina.core.StandardEngine.startInternal 서버 엔진을 시작합니다: [Apache Tomcat/10.1.31]
07-Nov-2024 10:01:49.130 정보 [main] org.apache.catalina.startup.HostConfig.deployDirectory 웹 애플리케이션 디렉토리 [C:\java\apache-tomcat-10.1.31\webapps\docs]을(를) 배치합니다.
07-Nov-2024 10:01:50.272 경고 [main] org.apache.catalina.util.SessionIdGeneratorBase.createSecureRandom [SHA1PRNG] 알고리즘을 사용하여, 세션 ID를 생성하기 위한 SecureRandom 객체를 생성하는데, [242] 밀리초가 소요됐습니다.
07-Nov-2024 10:01:50.357 정보 [main] org.apache.catalina.startup.HostConfig.deployDirectory 웹 애플리케이션 디렉토리 [C:\java\apache-tomcat-10.1.31\webapps\docs]에 대한 배치가 [1,228] 밀리초에 완료되었습니다.
07-Nov-2024 10:01:50.358 정보 [main] org.apache.catalina.startup.HostConfig.deployDirectory 웹 애플리케이션 디렉토리 [C:\java\apache-tomcat-10.1.31\webapps\examples]을(를) 배치합니다.
07-Nov-2024 10:01:54.696 정보 [main] org.apache.catalina.startup.HostConfig.deployDirectory 웹 애플리케이션 디렉토리 [C:\java\apache-tomcat-10.1.31\webapps\examples]에 대한 배치가 [4,336] 밀리초에 완료되었습니다.
07-Nov-2024 10:01:54.866 정보 [main] org.apache.catalina.startup.HostConfig.deployDirectory 웹 애플리케이션 디렉토리 [C:\java\apache-tomcat-10.1.31\webapps\host-manager]을(를) 배치합니다.
07-Nov-2024 10:01:55.343 정보 [main] org.apache.catalina.startup.HostConfig.deployDirectory 웹 애플리케이션 디렉토리 [C:\java\apache-tomcat-10.1.31\webapps\host-manager]에 대한 배치가 [476] 밀리초에 완료되었습니다.
07-Nov-2024 10:01:55.352 정보 [main] org.apache.catalina.startup.HostConfig.deployDirectory 웹 애플리케이션 디렉토리 [C:\java\apache-tomcat-10.1.31\webapps\manager]을(를) 배치합니다.
07-Nov-2024 10:01:55.769 정보 [main] org.apache.catalina.startup.HostConfig.deployDirectory 웹 애플리케이션 디렉토리 [C:\java\apache-tomcat-10.1.31\webapps\manager]에 대한 배치가 [415] 밀리초에 완료되었습니다.
07-Nov-2024 10:01:55.778 정보 [main] org.apache.catalina.startup.HostConfig.deployDirectory 웹 애플리케이션 디렉토리 [C:\java\apache-tomcat-10.1.31\webapps\ROOT]을(를) 배치합니다.
07-Nov-2024 10:01:56.085 정보 [main] org.apache.catalina.startup.HostConfig.deployDirectory 웹 애플리케이션 디렉토리 [C:\java\apache-tomcat-10.1.31\webapps\ROOT]에 대한 배치가 [302] 밀리초에 완료되었습니다.
07-Nov-2024 10:01:56.157 정보 [main] org.apache.coyote.AbstractProtocol.start 프로토콜 핸들러 ["http-nio-8080"]을(를) 시작합니다.
07-Nov-2024 10:01:57.184 정보 [main] org.apache.catalina.startup.Catalina.start 서버가 [8251] 밀리초 내에 시작되었습니다.
07-Nov-2024 11:06:08.775 정보 [Thread-1] org.apache.coyote.AbstractProtocol.pause 프로토콜 핸들러 ["http-nio-8080"]을(를) 일시 정지 중
07-Nov-2024 11:06:13.523 정보 [Thread-1] org.apache.catalina.core.StandardService.stopInternal 서비스 [Catalina]을(를) 중지시킵니다.
07-Nov-2024 11:06:13.675 정보 [Thread-1] org.apache.coyote.AbstractProtocol.stop 프로토콜 핸들러 ["http-nio-8080"]을(를) 중지시킵니다.
07-Nov-2024 11:06:13.706 정보 [Thread-1] org.apache.coyote.AbstractProtocol.destroy 프로토콜 핸들러 ["http-nio-8080"]을(를) 소멸시킵니다.
