05-Nov-2024 09:45:51.798 정보 [main] org.apache.catalina.core.ApplicationContext.log ContextListener: contextInitialized()
05-Nov-2024 09:45:51.798 정보 [main] org.apache.catalina.core.ApplicationContext.log SessionListener: contextInitialized()
05-Nov-2024 09:45:51.807 정보 [main] org.apache.catalina.core.ApplicationContext.log ContextListener: attributeAdded('StockTicker', 'async.Stockticker@64337702')
05-Nov-2024 09:46:29.639 정보 [Thread-1] org.apache.catalina.core.ApplicationContext.log SessionListener: contextDestroyed()
05-Nov-2024 09:46:29.639 정보 [Thread-1] org.apache.catalina.core.ApplicationContext.log ContextListener: contextDestroyed()
05-Nov-2024 09:46:44.382 정보 [main] org.apache.catalina.core.ApplicationContext.log ContextListener: contextInitialized()
05-Nov-2024 09:46:44.383 정보 [main] org.apache.catalina.core.ApplicationContext.log SessionListener: contextInitialized()
05-Nov-2024 09:46:44.388 정보 [main] org.apache.catalina.core.ApplicationContext.log ContextListener: attributeAdded('StockTicker', 'async.Stockticker@7b139eab')
05-Nov-2024 09:48:30.203 정보 [Thread-1] org.apache.catalina.core.ApplicationContext.log SessionListener: contextDestroyed()
05-Nov-2024 09:48:30.203 정보 [Thread-1] org.apache.catalina.core.ApplicationContext.log ContextListener: contextDestroyed()
05-Nov-2024 09:49:10.438 정보 [main] org.apache.catalina.core.ApplicationContext.log ContextListener: contextInitialized()
05-Nov-2024 09:49:10.438 정보 [main] org.apache.catalina.core.ApplicationContext.log SessionListener: contextInitialized()
05-Nov-2024 09:49:10.442 정보 [main] org.apache.catalina.core.ApplicationContext.log ContextListener: attributeAdded('StockTicker', 'async.Stockticker@4e76dac')
05-Nov-2024 09:49:19.652 정보 [Thread-1] org.apache.catalina.core.ApplicationContext.log SessionListener: contextDestroyed()
05-Nov-2024 09:49:19.652 정보 [Thread-1] org.apache.catalina.core.ApplicationContext.log ContextListener: contextDestroyed()
05-Nov-2024 10:09:22.276 정보 [main] org.apache.catalina.core.ApplicationContext.log ContextListener: contextInitialized()
05-Nov-2024 10:09:22.277 정보 [main] org.apache.catalina.core.ApplicationContext.log SessionListener: contextInitialized()
05-Nov-2024 10:09:22.281 정보 [main] org.apache.catalina.core.ApplicationContext.log ContextListener: attributeAdded('StockTicker', 'async.Stockticker@30ea8c23')
05-Nov-2024 10:09:29.003 정보 [Thread-1] org.apache.catalina.core.ApplicationContext.log SessionListener: contextDestroyed()
05-Nov-2024 10:09:29.003 정보 [Thread-1] org.apache.catalina.core.ApplicationContext.log ContextListener: contextDestroyed()
05-Nov-2024 10:09:58.214 정보 [main] org.apache.catalina.core.ApplicationContext.log ContextListener: contextInitialized()
05-Nov-2024 10:09:58.215 정보 [main] org.apache.catalina.core.ApplicationContext.log SessionListener: contextInitialized()
05-Nov-2024 10:09:58.219 정보 [main] org.apache.catalina.core.ApplicationContext.log ContextListener: attributeAdded('StockTicker', 'async.Stockticker@4e76dac')
05-Nov-2024 10:10:03.715 정보 [main] org.apache.catalina.core.ApplicationContext.log SessionListener: contextDestroyed()
05-Nov-2024 10:10:03.715 정보 [main] org.apache.catalina.core.ApplicationContext.log ContextListener: contextDestroyed()
05-Nov-2024 10:11:28.929 정보 [main] org.apache.catalina.core.ApplicationContext.log ContextListener: contextInitialized()
05-Nov-2024 10:11:28.930 정보 [main] org.apache.catalina.core.ApplicationContext.log SessionListener: contextInitialized()
05-Nov-2024 10:11:28.950 정보 [main] org.apache.catalina.core.ApplicationContext.log ContextListener: attributeAdded('StockTicker', 'async.Stockticker@7b139eab')
05-Nov-2024 10:13:17.165 정보 [main] org.apache.catalina.core.ApplicationContext.log SessionListener: contextDestroyed()
05-Nov-2024 10:13:17.165 정보 [main] org.apache.catalina.core.ApplicationContext.log ContextListener: contextDestroyed()
05-Nov-2024 10:15:20.179 정보 [main] org.apache.catalina.core.ApplicationContext.log ContextListener: contextInitialized()
05-Nov-2024 10:15:20.179 정보 [main] org.apache.catalina.core.ApplicationContext.log SessionListener: contextInitialized()
05-Nov-2024 10:15:20.184 정보 [main] org.apache.catalina.core.ApplicationContext.log ContextListener: attributeAdded('StockTicker', 'async.Stockticker@7b139eab')
